"File: funscankey.c  Assembler  Version HGASM0202      Page 1


   1  0000              ; Generated by holtek-gcc v3.12, Mon May 18 19:36:58 2015
   2  0000              ; 
   3  0000              ; Configuration:
   4  0000              ;       without long instruction
   5  0000              ;       Single ROM, Multi-RAM
   6  0000              ;       bits_per_rom_unit:15
   7  0000              ;       with mp1
   8  0000              ;       with tbhp, address(0x9)
   9  0000              ;          Use ret-const
  10  0000              ;       
  11  0000              ;       
  12  0000              ; use 'tabrdc' instead of 'tabrd'
  13  0000              ;       
  14  0000              
  15  0000              #pragma translator "holtek-gcc 4.6.4" "3.12" "build 20130711"
  16  0000              ; Rebuild 113
  17  0000              
  18  0000              ir equ [2]
  19  0000              mp equ [3]
  20  0000              sbp equ [7]
  21  0000              acc equ [5]
  22  0000              bp equ [4]
  23  0000              status equ [10]
  24  0000              c equ [10].0
  25  0000              ac equ [10].1
  26  0000              z equ [10].2
  27  0000              ov equ [10].3
  28  0000              intc equ [11]
  29  0000              
  30  0000              extern ra:byte
  31  0000              extern rb:byte
  32  0000              extern rc:byte
  33  0000              extern rd:byte
  34  0000              extern re:byte
  35  0000              extern rf:byte
  36  0000              extern rg:byte
  37  0000              extern rh:byte
  38  0000              extern _Crom2Prom:near
  39  0000              extern _Crom2PromNext:near
  40  0000              
  41  0000              RAMBANK 0 @HCCINIT, @HCCINIT0
  42  0000              @HCCINIT	.section 'data'
  43  0000              @HCCINIT0	.section 'data'
  44  0000              
  45  0000              #pragma debug scope 1 1
  46  0000              	extern __DELAY3:near
  47  0000              	extern __DELAYX3:near
  48  0000              	extern __DELAYX6:near
  49  0000              	extern __DELAYY5:near
  50  0000              	extern __DELAYY3:near
  51  0000              	extern _builtin_holtek_delay_2:byte
  52  0000              public _fun_scan_key
  53  0000              #pragma debug scope 2 1

   5  0000              #line 5 "E:\Doing\啟德電子\DriveHT1635Led\source\funscankey.c"
   5  0000              _fun_scan_key .section 'code'
   5  0000              _fun_scan_key proc
   6  0000              #line 6 "E:\Doing\啟德電子\DriveHT1635Led\source\funscankey.c"
   6  0000  369B        	clr [27].5
"File: funscankey.c  Assembler  Version HGASM0202      Page 2

   7  0001              #line 7 "E:\Doing\啟德電子\DriveHT1635Led\source\funscankey.c"
   7  0001  3E9A        	sz [26].5
   7  0002  2800     R  	jmp _L2
   9  0003              #line 9 "E:\Doing\啟德電子\DriveHT1635Led\source\funscankey.c"
   9  0003  1400     R  	inca _keyCount[0]
   9  0004  0080     E  	mov ra,a
   9  0005  0700     E  	mov a,ra
   9  0006  0080     R  	mov _keyCount[0],a
  10  0007              #line 10 "E:\Doing\啟德電子\DriveHT1635Led\source\funscankey.c"
  10  0007  0700     E  	mov a,ra
  10  0008  0A05        	sub a,5
  10  0009  390A        	snz z
  10  000A  2800     R  	jmp _L1
  12  000B              #line 12 "E:\Doing\啟德電子\DriveHT1635Led\source\funscankey.c"
  12  000B  0F01        	mov a,1
  12  000C  0080     E  	mov ra,a
  12  000D  2800     R  	jmp _L1
  12  000E              _L2:
  17  000E              #line 17 "E:\Doing\啟德電子\DriveHT1635Led\source\funscankey.c"
  17  000E  1F00     R  	clr _keyCount[0]
  18  000F              #line 18 "E:\Doing\啟德電子\DriveHT1635Led\source\funscankey.c"
  18  000F  1F00     E  	clr ra
  18  0010              _L1:
  20  0010              #line 20 "E:\Doing\啟德電子\DriveHT1635Led\source\funscankey.c"
  20  0010  0700     E  	mov a,ra
  20  0011  0003        	ret
  20  0012              _fun_scan_key endp
  20  0012              #line 20 "E:\Doing\啟德電子\DriveHT1635Led\source\funscankey.c"
  20  0012              #pragma debug scope 1 1
   3  0012              #line 3 "E:\Doing\啟德電子\DriveHT1635Led\source\funscankey.c"
   3  0012              public _keyCount
   3  0000              @HCCINIT0 .section 'data'
   3  0000  00          _keyCount	db 0
   3  0001              #pragma debug variable 8 1 _keyCount "keyCount"
   3  0001              
   3  0000              @HCCINIT .section 'data'
   3  0000              ___pa equ [01ah]
   3  0000              #pragma debug struct_end
   3  0000              #pragma debug struct_end
   3  0000              #pragma debug union_end
   3  0000              #pragma debug union_end
   3  0000              #pragma debug variable 43 1 [01ah] "__pa" 1
   3  0000              ___pac equ [01bh]
   3  0000              #pragma debug struct_end
   3  0000              #pragma debug struct_end
   3  0000              #pragma debug union_end
   3  0000              #pragma debug union_end
   3  0000              #pragma debug variable 45 1 [01bh] "__pac" 1
   3  0000              IFDEF ISR_SYSTEM_STACK_BEFORE_2014_12_23
   3  0000              ELSE
   3  0000              ENDIF
   3  0000              
   3  0000              ; 
   3  0000              ; Generated by holtek-gcc v3.12, Mon May 18 19:36:58 2015
   3  0000              ; Rebuild 113
   3  0000              ; end of file


        0 Errors, 0