"File: main.c        Assembler  Version HGASM0202      Page 1


   1  0000              ; Generated by holtek-gcc v3.12, Tue May 19 19:20:28 2015
   2  0000              ; 
   3  0000              ; Configuration:
   4  0000              ;       without long instruction
   5  0000              ;       Single ROM, Multi-RAM
   6  0000              ;       bits_per_rom_unit:15
   7  0000              ;       with mp1
   8  0000              ;       with tbhp, address(0x9)
   9  0000              ;          Use ret-const
  10  0000              ;       
  11  0000              ;       
  12  0000              ; use 'tabrdc' instead of 'tabrd'
  13  0000              ;       
  14  0000              
  15  0000              #pragma translator "holtek-gcc 4.6.4" "3.12" "build 20130711"
  16  0000              ; Rebuild 113
  17  0000              
  18  0000              ir equ [2]
  19  0000              mp equ [3]
  20  0000              sbp equ [7]
  21  0000              acc equ [5]
  22  0000              bp equ [4]
  23  0000              status equ [10]
  24  0000              c equ [10].0
  25  0000              ac equ [10].1
  26  0000              z equ [10].2
  27  0000              ov equ [10].3
  28  0000              intc equ [11]
  29  0000              
  30  0000              extern ra:byte
  31  0000              extern rb:byte
  32  0000              extern rc:byte
  33  0000              extern rd:byte
  34  0000              extern re:byte
  35  0000              extern rf:byte
  36  0000              extern rg:byte
  37  0000              extern rh:byte
  38  0000              extern _Crom2Prom:near
  39  0000              extern _Crom2PromNext:near
  40  0000              
  41  0000              RAMBANK 0 @HCCINIT, @HCCINIT0
  42  0000              @HCCINIT	.section 'data'
  43  0000              @HCCINIT0	.section 'data'
  44  0000              
  45  0000              #pragma debug scope 1 1
  46  0000              	extern __DELAY3:near
  47  0000              	extern __DELAYX3:near
  48  0000              	extern __DELAYX6:near
  49  0000              	extern __DELAYY5:near
  50  0000              	extern __DELAYY3:near
  51  0000              	extern _builtin_holtek_delay_2:byte
  52  0000              public _main
  53  0000              #pragma debug scope 2 1

  22  0000              #line 22 "E:\Doing\啟德電子\DriveHT1635Led\source\main.c"
  22  0000              IFDEF WITH_DEFAULT_STARTUP
  22  0000              extern _main_initial0:near
  22  0000              extern _main_startup:near
  22  0000              ENDIF
"File: main.c        Assembler  Version HGASM0202      Page 2

  22  0000              
  22  0000              ROMBANK 0 @start
  22  0000              @start .section com_l 'code'
  22  0000              _main_startup1:
  22  0000              @start .section com_e 'code'
  22  0000  2800     R  	jmp _main
  22  0001              
  22  0000              _main .section 'code'
  22  0000              _main proc
  22  0000  00              local _main_2 db 1 dup(?)
  23  0000              #line 23 "E:\Doing\啟德電子\DriveHT1635Led\source\main.c"
  23  0000  3A8A        	snz [10].5
  23  0001  2800     R  	jmp _L2
  23  0002              #line 23 "E:\Doing\啟德電子\DriveHT1635Led\source\main.c"
  23  0002  3E0A        	sz [10].4
  23  0003  2800     R  	jmp _L3
  23  0004              _L2:
  24  0004              #line 24 "E:\Doing\啟德電子\DriveHT1635Led\source\main.c"
  24  0004  2000     E  	call __clearRam
  25  0005              #line 25 "E:\Doing\啟德電子\DriveHT1635Led\source\main.c"
  25  0005  2000     E  	call __sysinit
  25  0006              _L3:
  31  0006              #line 31 "E:\Doing\啟德電子\DriveHT1635Led\source\main.c"
  31  0006  2000     E  	call __init_led
  32  0007              #line 32 "E:\Doing\啟德電子\DriveHT1635Led\source\main.c"
  32  0007  2000     E  	call __updateDisplayHello
  32  0008              _L13:
  40  0008              #line 40 "E:\Doing\啟德電子\DriveHT1635Led\source\main.c"
  40  0008  3800     E  	snz _flag_byte0[0].2
  40  0009  2800     R  	jmp _L4
  41  000A              #line 41 "E:\Doing\啟德電子\DriveHT1635Led\source\main.c"
  41  000A  2000     E  	call _fun_scan_key
  42  000B              #line 42 "E:\Doing\啟德電子\DriveHT1635Led\source\main.c"
  42  000B  2000     E  	call _fun_task_key
  43  000C              #line 43 "E:\Doing\啟德電子\DriveHT1635Led\source\main.c"
  43  000C  3400     E  	clr _flag_byte0[0].2
  44  000D              #line 44 "E:\Doing\啟德電子\DriveHT1635Led\source\main.c"
  44  000D  0700     R  	mov a,_displayState[0]
  44  000E  0080     R  	mov _main_2[0],a
  44  000F  0700     R  	mov a,_main_2[0]
  44  0010  0A00        	sub a,0
  44  0011  3D0A        	sz z
  44  0012  2800     R  	jmp _L5
  44  0013  0A01        	sub a,(1)-(0)
  44  0014  3D0A        	sz z
  44  0015  2800     R  	jmp _L6
  44  0016  0700     R  	mov a,_main_2[0]
  44  0017  0A02        	sub a,2
  44  0018  3D0A        	sz z
  44  0019  2800     R  	jmp _L7
  44  001A  0700     R  	mov a,_main_2[0]
  44  001B  0A05        	sub a,5
  44  001C  390A        	snz z
  44  001D  2800     R  	jmp _L4
  59  001E              #line 59 "E:\Doing\啟德電子\DriveHT1635Led\source\main.c"
  59  001E  2000     E  	call __updateDisplayNormal
  60  001F              #line 60 "E:\Doing\啟德電子\DriveHT1635Led\source\main.c"
  60  001F  2800     R  	jmp _L4
  60  0020              _L5:
  46  0020              #line 46 "E:\Doing\啟德電子\DriveHT1635Led\source\main.c"
"File: main.c        Assembler  Version HGASM0202      Page 3

  46  0020  2000     E  	call __updateDisplayHello
  47  0021              #line 47 "E:\Doing\啟德電子\DriveHT1635Led\source\main.c"
  47  0021  2800     R  	jmp _L4
  47  0022              _L6:
  49  0022              #line 49 "E:\Doing\啟德電子\DriveHT1635Led\source\main.c"
  49  0022  2000     E  	call __updateDisplayAll
  50  0023              #line 50 "E:\Doing\啟德電子\DriveHT1635Led\source\main.c"
  50  0023  2800     R  	jmp _L4
  50  0024              _L7:
  52  0024              #line 52 "E:\Doing\啟德電子\DriveHT1635Led\source\main.c"
  52  0024  2000     E  	call __updateDisplayoff
  52  0025              _L4:
  65  0025              #line 65 "E:\Doing\啟德電子\DriveHT1635Led\source\main.c"
  65  0025  3800     E  	snz _flag_byte0[0].1
  65  0026  2800     R  	jmp _L10
  65  0027  0700     R  	mov a,_displayState[0]
  65  0028  0A04        	sub a,4
  65  0029  390A        	snz z
  65  002A  2800     R  	jmp _L10
  67  002B              #line 67 "E:\Doing\啟德電子\DriveHT1635Led\source\main.c"
  67  002B  3400     E  	clr _flag_byte0[0].1
  68  002C              #line 68 "E:\Doing\啟德電子\DriveHT1635Led\source\main.c"
  68  002C  1080     R  	sz _BinklState[0]
  68  002D  2800     R  	jmp _L12
  70  002E              #line 70 "E:\Doing\啟德電子\DriveHT1635Led\source\main.c"
  70  002E  0F01        	mov a,1
  70  002F  0080     R  	mov _BinklState[0],a
  71  0030              #line 71 "E:\Doing\啟德電子\DriveHT1635Led\source\main.c"
  71  0030  2000     E  	call __updateDisplayoff
  71  0031  2800     R  	jmp _L10
  71  0032              _L12:
  73  0032              #line 73 "E:\Doing\啟德電子\DriveHT1635Led\source\main.c"
  73  0032  1700     R  	sdza _BinklState[0]
  73  0033  2800     R  	jmp _L10
  75  0034              #line 75 "E:\Doing\啟德電子\DriveHT1635Led\source\main.c"
  75  0034  1F00     R  	clr _BinklState[0]
  76  0035              #line 76 "E:\Doing\啟德電子\DriveHT1635Led\source\main.c"
  76  0035  2000     E  	call __updateDisplayAll
  76  0036              _L10:
  79  0036              #line 79 "E:\Doing\啟德電子\DriveHT1635Led\source\main.c"
  79  0036              ;# 79 "E:\Doing\啟德電子\DriveHT1635Led\source\main.c" 1
  79  0036  0001        	clr wdt
  80  0037              #line 80 "E:\Doing\啟德電子\DriveHT1635Led\source\main.c"
  80  0037              ;# 80 "E:\Doing\啟德電子\DriveHT1635Led\source\main.c" 1
  80  0037  0001        	clr wdt1
  81  0038              #line 81 "E:\Doing\啟德電子\DriveHT1635Led\source\main.c"
  81  0038              ;# 81 "E:\Doing\啟德電子\DriveHT1635Led\source\main.c" 1
  81  0038  0005        	clr wdt2
  82  0039              #line 82 "E:\Doing\啟德電子\DriveHT1635Led\source\main.c"
  82  0039  2800     R  	jmp _L13
  82  003A  2800     R  	jmp $
  82  003B              _main endp
  82  003B              
  82  003B              @dummy endp
  82  003B              
  82  003B              #line 82 "E:\Doing\啟德電子\DriveHT1635Led\source\main.c"
  82  003B              #pragma debug scope 1 1
  17  003B              #line 17 "E:\Doing\啟德電子\DriveHT1635Led\source\main.c"
  17  003B              public _BinklState
  17  0000              @HCCINIT0 .section 'data'
"File: main.c        Assembler  Version HGASM0202      Page 4

  17  0000  00          _BinklState	db 0
  17  0001              #pragma debug variable 8 1 _BinklState "BinklState"
  17  0001              
  17  0000              @HCCINIT .section 'data'
  16  0000              #line 16 "E:\Doing\啟德電子\DriveHT1635Led\source\main.c"
  16  0000              public _displayState
  16  0001              @HCCINIT0 .section 'data'
  16  0001  00          _displayState	db 0
  16  0002              #pragma debug variable 8 1 _displayState "displayState"
  16  0002              
  16  0000              @HCCINIT .section 'data'
  16  0000              ___status equ [00ah]
  16  0000              #pragma debug struct_end
  16  0000              #pragma debug struct_end
  16  0000              #pragma debug union_end
  16  0000              #pragma debug union_end
  16  0000              #pragma debug variable 43 1 [00ah] "__status" 1
  16  0000              
  16  0000              ; output external variables
  16  0000              extern _flag_byte0:byte
  16  0000              IFDEF ISR_SYSTEM_STACK_BEFORE_2014_12_23
  16  0000              ELSE
  16  0000              ENDIF
  22  0000              #line 22 "E:\Doing\啟德電子\DriveHT1635Led\source\main.c"
  22  0000              @code .section at 0 'code'
  22  0000  2800     R  	jmp _main_startup1
  22  0001              
  22  0001              extern __clearRam:near
  22  0001              extern __sysinit:near
  22  0001              extern __init_led:near
  22  0001              extern __updateDisplayHello:near
  22  0001              extern _fun_scan_key:near
  22  0001              extern _fun_task_key:near
  22  0001              extern __updateDisplayNormal:near
  22  0001              extern __updateDisplayAll:near
  22  0001              extern __updateDisplayoff:near
  22  0001              
  22  0001              ; 
  22  0001              ; Generated by holtek-gcc v3.12, Tue May 19 19:20:28 2015
  22  0001              ; Rebuild 113
  22  0001              ; end of file


        0 Errors, 0