"File: sysinit.c     Assembler  Version HGASM0202      Page 1


   1  0000              ; Generated by holtek-gcc v3.12, Tue May 19 13:35:43 2015
   2  0000              ; 
   3  0000              ; Configuration:
   4  0000              ;       without long instruction
   5  0000              ;       Single ROM, Multi-RAM
   6  0000              ;       bits_per_rom_unit:15
   7  0000              ;       with mp1
   8  0000              ;       with tbhp, address(0x9)
   9  0000              ;          Use ret-const
  10  0000              ;       
  11  0000              ;       
  12  0000              ; use 'tabrdc' instead of 'tabrd'
  13  0000              ;       
  14  0000              
  15  0000              #pragma translator "holtek-gcc 4.6.4" "3.12" "build 20130711"
  16  0000              ; Rebuild 113
  17  0000              
  18  0000              ir equ [2]
  19  0000              mp equ [3]
  20  0000              sbp equ [7]
  21  0000              acc equ [5]
  22  0000              bp equ [4]
  23  0000              status equ [10]
  24  0000              c equ [10].0
  25  0000              ac equ [10].1
  26  0000              z equ [10].2
  27  0000              ov equ [10].3
  28  0000              intc equ [11]
  29  0000              
  30  0000              extern ra:byte
  31  0000              extern rb:byte
  32  0000              extern rc:byte
  33  0000              extern rd:byte
  34  0000              extern re:byte
  35  0000              extern rf:byte
  36  0000              extern rg:byte
  37  0000              extern rh:byte
  38  0000              extern _Crom2Prom:near
  39  0000              extern _Crom2PromNext:near
  40  0000              
  41  0000              RAMBANK 0 @HCCINIT, @HCCINIT0
  42  0000              @HCCINIT	.section 'data'
  43  0000              @HCCINIT0	.section 'data'
  44  0000              
  45  0000              #pragma debug scope 1 1
  46  0000              	extern __DELAY3:near
  47  0000              	extern __DELAYX3:near
  48  0000              	extern __DELAYX6:near
  49  0000              	extern __DELAYY5:near
  50  0000              	extern __DELAYY3:near
  51  0000              	extern _builtin_holtek_delay_2:byte
  52  0000              public __clearRam
  53  0000              #pragma debug scope 2 1

  23  0000              #line 23 "E:\Doing\啟德電子\DriveHT1635Led\source\sysinit.c"
  23  0000              __clearRam .section 'code'
  23  0000              __clearRam proc
  24  0000              #line 24 "E:\Doing\啟德電子\DriveHT1635Led\source\sysinit.c"
  24  0000  0FE0        	mov a,224
"File: sysinit.c     Assembler  Version HGASM0202      Page 2

  24  0001  0684        	andm a,[4]
  25  0002              #line 25 "E:\Doing\啟德電子\DriveHT1635Led\source\sysinit.c"
  25  0002  0F80        	mov a,128
  25  0003  0083        	mov [3],a
  26  0004              #line 26 "E:\Doing\啟德電子\DriveHT1635Led\source\sysinit.c"
  26  0004  2800     R  	jmp _L2
  26  0005              _L5:
  28  0005              #line 28 "E:\Doing\啟德電子\DriveHT1635Led\source\sysinit.c"
  28  0005  1F07        	clr [7]
  28  0006              _L3:
  28  0006  3F87        	sz [7].7
  28  0007  2800     R  	jmp _L7
  30  0008              #line 30 "E:\Doing\啟德電子\DriveHT1635Led\source\sysinit.c"
  30  0008  1F02        	clr [2]
  31  0009              #line 31 "E:\Doing\啟德電子\DriveHT1635Led\source\sysinit.c"
  31  0009  1483        	inc [3]
  28  000A              #line 28 "E:\Doing\啟德電子\DriveHT1635Led\source\sysinit.c"
  28  000A  1487        	inc [7]
  28  000B  2800     R  	jmp _L3
  28  000C              _L7:
  33  000C              #line 33 "E:\Doing\啟德電子\DriveHT1635Led\source\sysinit.c"
  33  000C  0F80        	mov a,128
  33  000D  0083        	mov [3],a
  34  000E              #line 34 "E:\Doing\啟德電子\DriveHT1635Led\source\sysinit.c"
  34  000E  1484        	inc [4]
  34  000F              _L2:
  26  000F              #line 26 "E:\Doing\啟德電子\DriveHT1635Led\source\sysinit.c"
  26  000F  0704        	mov a,[4]
  26  0010  0E1F        	and a,31
  26  0011  0080     E  	mov rb,a
  26  0012  1F00     E  	clr rc
  26  0013  0F01        	mov a,1
  26  0014  0200     E  	sub a,rb
  26  0015  0F00        	mov a,0
  26  0016  1200     E  	sbc a,rc
  26  0017  1185        	swap acc
  26  0018  040A        	xor a,status
  26  0019  3985        	snz acc.3
  26  001A  2800     R  	jmp _L5
  26  001B  0003        	ret
  26  001C              __clearRam endp
  26  001C              #line 26 "E:\Doing\啟德電子\DriveHT1635Led\source\sysinit.c"
  26  001C              #pragma debug scope 1 1
  26  001C              public __sysinit
  26  001C              #pragma debug scope 3 1
  44  001C              #line 44 "E:\Doing\啟德電子\DriveHT1635Led\source\sysinit.c"
  44  0000              __sysinit .section 'code'
  44  0000              __sysinit proc
  46  0000              #line 46 "E:\Doing\啟德電子\DriveHT1635Led\source\sysinit.c"
  46  0000  1F1B        	clr [27]
  47  0001              #line 47 "E:\Doing\啟德電子\DriveHT1635Led\source\sysinit.c"
  47  0001  1F1A        	clr [26]
  48  0002              #line 48 "E:\Doing\啟德電子\DriveHT1635Led\source\sysinit.c"
  48  0002  1F99        	set [25]
  49  0003              #line 49 "E:\Doing\啟德電子\DriveHT1635Led\source\sysinit.c"
  49  0003  0F01        	mov a,1
  49  0004  0098        	mov [24],a
  51  0005              #line 51 "E:\Doing\啟德電子\DriveHT1635Led\source\sysinit.c"
  51  0005  1F1E        	clr [30]
  52  0006              #line 52 "E:\Doing\啟德電子\DriveHT1635Led\source\sysinit.c"
"File: sysinit.c     Assembler  Version HGASM0202      Page 3

  52  0006  1F1D        	clr [29]
  53  0007              #line 53 "E:\Doing\啟德電子\DriveHT1635Led\source\sysinit.c"
  53  0007  1F9C        	set [28]
  55  0008              #line 55 "E:\Doing\啟德電子\DriveHT1635Led\source\sysinit.c"
  55  0008  1F21        	clr [33]
  56  0009              #line 56 "E:\Doing\啟德電子\DriveHT1635Led\source\sysinit.c"
  56  0009  1F20        	clr [32]
  57  000A              #line 57 "E:\Doing\啟德電子\DriveHT1635Led\source\sysinit.c"
  57  000A  1F9F        	set [31]
  59  000B              #line 59 "E:\Doing\啟德電子\DriveHT1635Led\source\sysinit.c"
  59  000B  1F24        	clr [36]
  60  000C              #line 60 "E:\Doing\啟德電子\DriveHT1635Led\source\sysinit.c"
  60  000C  1F23        	clr [35]
  61  000D              #line 61 "E:\Doing\啟德電子\DriveHT1635Led\source\sysinit.c"
  61  000D  1FA2        	set [34]
  63  000E              #line 63 "E:\Doing\啟德電子\DriveHT1635Led\source\sysinit.c"
  63  000E  1F27        	clr [39]
  64  000F              #line 64 "E:\Doing\啟德電子\DriveHT1635Led\source\sysinit.c"
  64  000F  1F26        	clr [38]
  65  0010              #line 65 "E:\Doing\啟德電子\DriveHT1635Led\source\sysinit.c"
  65  0010  1FA5        	set [37]
  67  0011              #line 67 "E:\Doing\啟德電子\DriveHT1635Led\source\sysinit.c"
  67  0011  1F2A        	clr [42]
  68  0012              #line 68 "E:\Doing\啟德電子\DriveHT1635Led\source\sysinit.c"
  68  0012  1F29        	clr [41]
  69  0013              #line 69 "E:\Doing\啟德電子\DriveHT1635Led\source\sysinit.c"
  69  0013  1FA8        	set [40]
  72  0014              #line 72 "E:\Doing\啟德電子\DriveHT1635Led\source\sysinit.c"
  72  0014  1F34        	clr [52]
  73  0015              #line 73 "E:\Doing\啟德電子\DriveHT1635Led\source\sysinit.c"
  73  0015  1F35        	clr [53]
  75  0016              #line 75 "E:\Doing\啟德電子\DriveHT1635Led\source\sysinit.c"
  75  0016  1F3A        	clr [58]
  76  0017              #line 76 "E:\Doing\啟德電子\DriveHT1635Led\source\sysinit.c"
  76  0017  0FC0        	mov a,192
  76  0018  00BB        	mov [59],a
  77  0019              #line 77 "E:\Doing\啟德電子\DriveHT1635Led\source\sysinit.c"
  77  0019  0FE8        	mov a,232
  77  001A  00BE        	mov [62],a
  78  001B              #line 78 "E:\Doing\啟德電子\DriveHT1635Led\source\sysinit.c"
  78  001B  0F03        	mov a,3
  78  001C  00BF        	mov [63],a
  79  001D              #line 79 "E:\Doing\啟德電子\DriveHT1635Led\source\sysinit.c"
  79  001D  3691        	clr [17].5
  80  001E              #line 80 "E:\Doing\啟德電子\DriveHT1635Led\source\sysinit.c"
  80  001E  3091        	set [17].1
  81  001F              #line 81 "E:\Doing\啟德電子\DriveHT1635Led\source\sysinit.c"
  81  001F  3014        	set [20].0
  82  0020              #line 82 "E:\Doing\啟德電子\DriveHT1635Led\source\sysinit.c"
  82  0020  3614        	clr [20].4
  83  0021              #line 83 "E:\Doing\啟德電子\DriveHT1635Led\source\sysinit.c"
  83  0021  3010        	set [16].0
  84  0022              #line 84 "E:\Doing\啟德電子\DriveHT1635Led\source\sysinit.c"
  84  0022  31BA        	set [58].3
  86  0023              #line 86 "E:\Doing\啟德電子\DriveHT1635Led\source\sysinit.c"
  86  0023  0F0A        	mov a,10
  86  0024  0080     R  	mov _counter10ms[0],a
  87  0025              #line 87 "E:\Doing\啟德電子\DriveHT1635Led\source\sysinit.c"
  87  0025  0F2C        	mov a,44
  87  0026  0080     R  	mov _counter3s[0],a
"File: sysinit.c     Assembler  Version HGASM0202      Page 4

  87  0027  0F01        	mov a,1
  87  0028  0080     R  	mov _counter3s[1],a
  88  0029              #line 88 "E:\Doing\啟德電子\DriveHT1635Led\source\sysinit.c"
  88  0029  3400     E  	clr _flag_byte0[0].2
  89  002A              #line 89 "E:\Doing\啟德電子\DriveHT1635Led\source\sysinit.c"
  89  002A  3400     E  	clr _flag_byte0[0].0
  90  002B              #line 90 "E:\Doing\啟德電子\DriveHT1635Led\source\sysinit.c"
  90  002B  1F00     E  	clr _keyCount[0]
  90  002C  0003        	ret
  90  002D              __sysinit endp
  90  002D              #line 90 "E:\Doing\啟德電子\DriveHT1635Led\source\sysinit.c"
  90  002D              #pragma debug scope 1 1
  90  002D              public __reset_init
  90  002D              #pragma debug scope 4 1
  39  002D              #line 39 "E:\Doing\啟德電子\DriveHT1635Led\source\sysinit.c"
  39  0000              __reset_init .section 'code'
  39  0000              __reset_init proc
  40  0000              #line 40 "E:\Doing\啟德電子\DriveHT1635Led\source\sysinit.c"
  40  0000  2000     R  	call __sysinit
  40  0001  0003        	ret
  40  0002              __reset_init endp
  40  0002              #line 40 "E:\Doing\啟德電子\DriveHT1635Led\source\sysinit.c"
  40  0002              #pragma debug scope 1 1
  40  0002              public _timer0
  40  0002              #pragma debug scope 5 1
  93  0002              #line 93 "E:\Doing\啟德電子\DriveHT1635Led\source\sysinit.c"
  93  0000              @timer0_code .section at 20 'code'
  93  0000              IFDEF ISR_SYSTEM_STACK_BEFORE_2014_12_23
  93  0000              	mov _timer0fs[0],a
  93  0000              	mov a, bp
  93  0000              	mov _timer0fs[1],a
  93  0000              	jmp _timer0
  93  0000              @dummy20 proc
  93  0000              	call _timer0
  93  0000              @dummy20 endp
  93  0000              
  93  0000              _timer0 .section 'code'
  93  0000              _timer0 proc
  93  0000              public _timer0fs
  93  0000              local _timer0fs db 3 dup(?)
  93  0000              	mov a, status
  93  0000              	mov _timer0fs[2],a
  93  0000              ELSE
  93  0000  0080     E  	mov r1,a
  93  0001  0704        	mov a, bp
  93  0002  0080     E  	mov r2,a
  93  0003  2800     R  	jmp _timer0
  93  0004              @dummy20 endp
  93  0004              
  93  0000              _timer0 .section 'code'
  93  0000              _timer0 proc
  93  0000  070A        	mov a, status
  93  0001  0080     E  	mov r3,a
  93  0002              ENDIF
  94  0002              #line 94 "E:\Doing\啟德電子\DriveHT1635Led\source\sysinit.c"
  94  0002  1500     R  	deca _counter10ms[0]
  94  0003  0080     E  	mov ra,a
  94  0004  0700     E  	mov a,ra
  94  0005  0080     R  	mov _counter10ms[0],a
  95  0006              #line 95 "E:\Doing\啟德電子\DriveHT1635Led\source\sysinit.c"
"File: sysinit.c     Assembler  Version HGASM0202      Page 5

  95  0006  1080     E  	sz ra
  95  0007  2800     R  	jmp _L10
  96  0008              #line 96 "E:\Doing\啟德電子\DriveHT1635Led\source\sysinit.c"
  96  0008  3000     E  	set _flag_byte0[0].2
  97  0009              #line 97 "E:\Doing\啟德電子\DriveHT1635Led\source\sysinit.c"
  97  0009  0F0A        	mov a,10
  97  000A  0080     R  	mov _counter10ms[0],a
  99  000B              #line 99 "E:\Doing\啟德電子\DriveHT1635Led\source\sysinit.c"
  99  000B  0FFF        	mov a,255
  99  000C  0300     R  	add a,_counter3s[0]
  99  000D  0080     E  	mov rb,a
  99  000E  0FFF        	mov a,255
  99  000F  1300     R  	adc a,_counter3s[1]
  99  0010  0080     E  	mov rc,a
  99  0011  0700     E  	mov a,rb
  99  0012  0080     R  	mov _counter3s[0],a
  99  0013  0700     E  	mov a,rc
  99  0014  0080     R  	mov _counter3s[1],a
 100  0015              #line 100 "E:\Doing\啟德電子\DriveHT1635Led\source\sysinit.c"
 100  0015  0700     E  	mov a,rb
 100  0016  0500     E  	or a,rc
 100  0017  390A        	snz z
 100  0018  2800     R  	jmp _L12
 101  0019              #line 101 "E:\Doing\啟德電子\DriveHT1635Led\source\sysinit.c"
 101  0019  3000     E  	set _flag_byte0[0].1
 101  001A              _L12:
 102  001A              #line 102 "E:\Doing\啟德電子\DriveHT1635Led\source\sysinit.c"
 102  001A  0F2C        	mov a,44
 102  001B  0080     R  	mov _counter3s[0],a
 102  001C  0F01        	mov a,1
 102  001D  0080     R  	mov _counter3s[1],a
 102  001E              _L10:
 102  001E              IFDEF ISR_SYSTEM_STACK_BEFORE_2014_12_23
 102  001E              	mov a,_timer0fs[1]
 102  001E              	mov bp,a
 102  001E              	mov a,_timer0fs[2]
 102  001E              	mov status,a
 102  001E              	mov a,_timer0fs[0]
 102  001E              ELSE
 102  001E  0700     E  	mov a,r2
 102  001F  0084        	mov bp,a
 102  0020  0700     E  	mov a,r3
 102  0021  008A        	mov status,a
 102  0022  0700     E  	mov a,r1
 102  0023              ENDIF
 102  0023  0004        	reti
 102  0024              _timer0 endp
 102  0024              
 102  0024              #line 102 "E:\Doing\啟德電子\DriveHT1635Led\source\sysinit.c"
 102  0024              #pragma debug scope 1 1
  20  0024              #line 20 "E:\Doing\啟德電子\DriveHT1635Led\source\sysinit.c"
  20  0024              public _counter3s
  20  0000              @HCCINIT0 .section 'data'
  20  0000  0002[       _counter3s	db 2 dup(0)
            00
            ]
  20  0002              #pragma debug variable 12 1 _counter3s "counter3s"
  20  0002              
  20  0000              @HCCINIT .section 'data'
  19  0000              #line 19 "E:\Doing\啟德電子\DriveHT1635Led\source\sysinit.c"
"File: sysinit.c     Assembler  Version HGASM0202      Page 6

  19  0000              public _counter10ms
  19  0002              @HCCINIT0 .section 'data'
  19  0002  00          _counter10ms	db 0
  19  0003              #pragma debug variable 8 1 _counter10ms "counter10ms"
  19  0003              
  19  0000              @HCCINIT .section 'data'
  19  0000              ___mp1 equ [003h]
  19  0000              #pragma debug variable 8 1 [003h] "__mp1" 1
  19  0000              ___bp equ [004h]
  19  0000              #pragma debug struct_end
  19  0000              #pragma debug struct_end
  19  0000              #pragma debug union_end
  19  0000              #pragma debug union_end
  19  0000              #pragma debug variable 43 1 [004h] "__bp" 1
  19  0000              ___tblp equ [007h]
  19  0000              #pragma debug variable 8 1 [007h] "__tblp" 1
  19  0000              ___intc0 equ [010h]
  19  0000              #pragma debug struct_end
  19  0000              #pragma debug struct_end
  19  0000              #pragma debug union_end
  19  0000              #pragma debug union_end
  19  0000              #pragma debug variable 45 1 [010h] "__intc0" 1
  19  0000              ___intc1 equ [011h]
  19  0000              #pragma debug struct_end
  19  0000              #pragma debug struct_end
  19  0000              #pragma debug union_end
  19  0000              #pragma debug union_end
  19  0000              #pragma debug variable 47 1 [011h] "__intc1" 1
  19  0000              ___mfi0 equ [014h]
  19  0000              #pragma debug struct_end
  19  0000              #pragma debug struct_end
  19  0000              #pragma debug union_end
  19  0000              #pragma debug union_end
  19  0000              #pragma debug variable 49 1 [014h] "__mfi0" 1
  19  0000              ___pawu equ [018h]
  19  0000              #pragma debug struct_end
  19  0000              #pragma debug struct_end
  19  0000              #pragma debug union_end
  19  0000              #pragma debug union_end
  19  0000              #pragma debug variable 51 1 [018h] "__pawu" 1
  19  0000              ___papu equ [019h]
  19  0000              #pragma debug struct_end
  19  0000              #pragma debug struct_end
  19  0000              #pragma debug union_end
  19  0000              #pragma debug union_end
  19  0000              #pragma debug variable 53 1 [019h] "__papu" 1
  19  0000              ___pa equ [01ah]
  19  0000              #pragma debug struct_end
  19  0000              #pragma debug struct_end
  19  0000              #pragma debug union_end
  19  0000              #pragma debug union_end
  19  0000              #pragma debug variable 55 1 [01ah] "__pa" 1
  19  0000              ___pac equ [01bh]
  19  0000              #pragma debug struct_end
  19  0000              #pragma debug struct_end
  19  0000              #pragma debug union_end
  19  0000              #pragma debug union_end
  19  0000              #pragma debug variable 57 1 [01bh] "__pac" 1
  19  0000              ___pbpu equ [01ch]
  19  0000              #pragma debug struct_end
"File: sysinit.c     Assembler  Version HGASM0202      Page 7

  19  0000              #pragma debug struct_end
  19  0000              #pragma debug union_end
  19  0000              #pragma debug union_end
  19  0000              #pragma debug variable 59 1 [01ch] "__pbpu" 1
  19  0000              ___pb equ [01dh]
  19  0000              #pragma debug struct_end
  19  0000              #pragma debug struct_end
  19  0000              #pragma debug union_end
  19  0000              #pragma debug union_end
  19  0000              #pragma debug variable 61 1 [01dh] "__pb" 1
  19  0000              ___pbc equ [01eh]
  19  0000              #pragma debug struct_end
  19  0000              #pragma debug struct_end
  19  0000              #pragma debug union_end
  19  0000              #pragma debug union_end
  19  0000              #pragma debug variable 63 1 [01eh] "__pbc" 1
  19  0000              ___pcpu equ [01fh]
  19  0000              #pragma debug struct_end
  19  0000              #pragma debug struct_end
  19  0000              #pragma debug union_end
  19  0000              #pragma debug union_end
  19  0000              #pragma debug variable 65 1 [01fh] "__pcpu" 1
  19  0000              ___pc equ [020h]
  19  0000              #pragma debug struct_end
  19  0000              #pragma debug struct_end
  19  0000              #pragma debug union_end
  19  0000              #pragma debug union_end
  19  0000              #pragma debug variable 67 1 [020h] "__pc" 1
  19  0000              ___pcc equ [021h]
  19  0000              #pragma debug struct_end
  19  0000              #pragma debug struct_end
  19  0000              #pragma debug union_end
  19  0000              #pragma debug union_end
  19  0000              #pragma debug variable 69 1 [021h] "__pcc" 1
  19  0000              ___pdpu equ [022h]
  19  0000              #pragma debug struct_end
  19  0000              #pragma debug struct_end
  19  0000              #pragma debug union_end
  19  0000              #pragma debug union_end
  19  0000              #pragma debug variable 71 1 [022h] "__pdpu" 1
  19  0000              ___pd equ [023h]
  19  0000              #pragma debug struct_end
  19  0000              #pragma debug struct_end
  19  0000              #pragma debug union_end
  19  0000              #pragma debug union_end
  19  0000              #pragma debug variable 73 1 [023h] "__pd" 1
  19  0000              ___pdc equ [024h]
  19  0000              #pragma debug struct_end
  19  0000              #pragma debug struct_end
  19  0000              #pragma debug union_end
  19  0000              #pragma debug union_end
  19  0000              #pragma debug variable 75 1 [024h] "__pdc" 1
  19  0000              ___pepu equ [025h]
  19  0000              #pragma debug struct_end
  19  0000              #pragma debug struct_end
  19  0000              #pragma debug union_end
  19  0000              #pragma debug union_end
  19  0000              #pragma debug variable 77 1 [025h] "__pepu" 1
  19  0000              ___pe equ [026h]
  19  0000              #pragma debug struct_end
"File: sysinit.c     Assembler  Version HGASM0202      Page 8

  19  0000              #pragma debug struct_end
  19  0000              #pragma debug union_end
  19  0000              #pragma debug union_end
  19  0000              #pragma debug variable 79 1 [026h] "__pe" 1
  19  0000              ___pec equ [027h]
  19  0000              #pragma debug struct_end
  19  0000              #pragma debug struct_end
  19  0000              #pragma debug union_end
  19  0000              #pragma debug union_end
  19  0000              #pragma debug variable 81 1 [027h] "__pec" 1
  19  0000              ___pfpu equ [028h]
  19  0000              #pragma debug struct_end
  19  0000              #pragma debug struct_end
  19  0000              #pragma debug union_end
  19  0000              #pragma debug union_end
  19  0000              #pragma debug variable 83 1 [028h] "__pfpu" 1
  19  0000              ___pf equ [029h]
  19  0000              #pragma debug struct_end
  19  0000              #pragma debug struct_end
  19  0000              #pragma debug union_end
  19  0000              #pragma debug union_end
  19  0000              #pragma debug variable 85 1 [029h] "__pf" 1
  19  0000              ___pfc equ [02ah]
  19  0000              #pragma debug struct_end
  19  0000              #pragma debug struct_end
  19  0000              #pragma debug union_end
  19  0000              #pragma debug union_end
  19  0000              #pragma debug variable 87 1 [02ah] "__pfc" 1
  19  0000              ___cp0c equ [034h]
  19  0000              #pragma debug struct_end
  19  0000              #pragma debug struct_end
  19  0000              #pragma debug union_end
  19  0000              #pragma debug union_end
  19  0000              #pragma debug variable 89 1 [034h] "__cp0c" 1
  19  0000              ___cp1c equ [035h]
  19  0000              #pragma debug struct_end
  19  0000              #pragma debug struct_end
  19  0000              #pragma debug union_end
  19  0000              #pragma debug union_end
  19  0000              #pragma debug variable 91 1 [035h] "__cp1c" 1
  19  0000              ___tm0c0 equ [03ah]
  19  0000              #pragma debug struct_end
  19  0000              #pragma debug struct_end
  19  0000              #pragma debug union_end
  19  0000              #pragma debug union_end
  19  0000              #pragma debug variable 93 1 [03ah] "__tm0c0" 1
  19  0000              ___tm0c1 equ [03bh]
  19  0000              #pragma debug struct_end
  19  0000              #pragma debug struct_end
  19  0000              #pragma debug union_end
  19  0000              #pragma debug union_end
  19  0000              #pragma debug variable 95 1 [03bh] "__tm0c1" 1
  19  0000              ___tm0al equ [03eh]
  19  0000              #pragma debug variable 8 1 [03eh] "__tm0al" 1
  19  0000              ___tm0ah equ [03fh]
  19  0000              #pragma debug variable 8 1 [03fh] "__tm0ah" 1
  19  0000              ___iar1 equ [002h]
  19  0000              #pragma debug variable 8 1 [002h] "__iar1" 1
  19  0000              
  19  0000              ; output external variables
"File: sysinit.c     Assembler  Version HGASM0202      Page 9

  19  0000              extern _keyCount:byte
  19  0000              extern _flag_byte0:byte
  19  0000              IFDEF ISR_SYSTEM_STACK_BEFORE_2014_12_23
  19  0000              ELSE
  19  0000              extern r1:byte
  19  0000              extern r2:byte
  19  0000              extern r3:byte
  19  0000              ENDIF
  19  0000              
  19  0000              ; 
  19  0000              ; Generated by holtek-gcc v3.12, Tue May 19 13:35:43 2015
  19  0000              ; Rebuild 113
  19  0000              ; end of file


        0 Errors, 0