"File: volatile.c    Assembler  Version HGASM0202      Page 1


   1  0000              ; Generated by holtek-gcc v3.12, Tue May 19 19:20:29 2015
   2  0000              ; 
   3  0000              ; Configuration:
   4  0000              ;       without long instruction
   5  0000              ;       Single ROM, Multi-RAM
   6  0000              ;       bits_per_rom_unit:15
   7  0000              ;       with mp1
   8  0000              ;       with tbhp, address(0x9)
   9  0000              ;          Use ret-const
  10  0000              ;       
  11  0000              ;       
  12  0000              ; use 'tabrdc' instead of 'tabrd'
  13  0000              ;       
  14  0000              
  15  0000              #pragma translator "holtek-gcc 4.6.4" "3.12" "build 20130711"
  16  0000              ; Rebuild 113
  17  0000              
  18  0000              ir equ [2]
  19  0000              mp equ [3]
  20  0000              sbp equ [7]
  21  0000              acc equ [5]
  22  0000              bp equ [4]
  23  0000              status equ [10]
  24  0000              c equ [10].0
  25  0000              ac equ [10].1
  26  0000              z equ [10].2
  27  0000              ov equ [10].3
  28  0000              intc equ [11]
  29  0000              
  30  0000              extern ra:byte
  31  0000              extern rb:byte
  32  0000              extern rc:byte
  33  0000              extern rd:byte
  34  0000              extern re:byte
  35  0000              extern rf:byte
  36  0000              extern rg:byte
  37  0000              extern rh:byte
  38  0000              extern _Crom2Prom:near
  39  0000              extern _Crom2PromNext:near
  40  0000              
  41  0000              RAMBANK 0 @HCCINIT, @HCCINIT0
  42  0000              @HCCINIT	.section 'data'
  43  0000              @HCCINIT0	.section 'data'
  44  0000              
  45  0000              #pragma debug scope 1 1
  46  0000              	extern __DELAY3:near
  47  0000              	extern __DELAYX3:near
  48  0000              	extern __DELAYX6:near
  49  0000              	extern __DELAYY5:near
  50  0000              	extern __DELAYY3:near
  51  0000              	extern _builtin_holtek_delay_2:byte

   4  0000              #line 4 "E:\Doing\±Ò¼w¹q¤l\DriveHT1635Led\source\volatile.c"
   4  0000              public _flag_byte0
   4  0000              @HCCINIT0 .section 'data'
   4  0000  00          _flag_byte0	db 0
   4  0001              #pragma debug struct_end
   4  0001              #pragma debug struct_end
   4  0001              #pragma debug union_end
"File: volatile.c    Assembler  Version HGASM0202      Page 2

   4  0001              #pragma debug union_end
   4  0001              #pragma debug variable 43 1 _flag_byte0 "flag_byte0"
   4  0001              
   4  0000              @HCCINIT .section 'data'
   4  0000              IFDEF ISR_SYSTEM_STACK_BEFORE_2014_12_23
   4  0000              ELSE
   4  0000              ENDIF
   4  0000              
   4  0000              ; 
   4  0000              ; Generated by holtek-gcc v3.12, Tue May 19 19:20:29 2015
   4  0000              ; Rebuild 113
   4  0000              ; end of file


        0 Errors, 0